<?xml version="1.0" encoding="UTF-8"?>
<!-- Generated by org.testng.reporters.JUnitXMLReporter -->
<testsuite ignored="0" hostname="lenovov14" failures="1" tests="9" name="Test" time="80.304" errors="0" timestamp="2025-03-27T11:36:57 IST">
  <testcase classname="sdetTestacse.sslcertificate" name="sslcertificatetest" time="3.015"/>
  <testcase classname="sdetTestacse.Test5" name="retrivedata" time="2.696"/>
  <testcase classname="sdetTestacse.Test4" name="webtable" time="3.537"/>
  <testcase classname="sdetTestacse.Test1" name="test" time="3.447"/>
  <testcase classname="sdetTestacse.Stale" name="staleexception" time="29.702"/>
  <testcase classname="sdetTestacse.Test3" name="test3" time="13.266"/>
  <testcase classname="sdetTestacse.Test2" name="testall" time="2.737"/>
  <testcase classname="sdetTestacse.VerifuyTitle" name="verifySoftassert" time="7.451">
    <failure type="java.lang.AssertionError" message="assertion fali
	title missmatch expected [hello - Google Search] but found [Google Search]">
      <![CDATA[java.lang.AssertionError: assertion fali
title missmatch expected [hello - Google Search] but found [Google Search]
at sdetTestacse.VerifuyTitle.verifySoftassert(VerifuyTitle.java:41)
at java.base/java.util.ArrayList.forEach(ArrayList.java:1596)
... Removed 30 stack frames]]>
    </failure>
  </testcase> <!-- verifySoftassert -->
  <testcase classname="sdetTestacse.VerifuyTitle" name="verifyTitle" time="14.411"/>
</testsuite> <!-- Test -->
