<?xml version="1.0" encoding="UTF-8"?>
<testng-results ignored="0" total="1" passed="1" failed="0" skipped="0">
  <reporter-output>
  </reporter-output>
  <suite started-at="2025-03-27T11:07:17 IST" name="Default suite" finished-at="2025-03-27T11:07:22 IST" duration-ms="4613">
    <groups>
    </groups>
    <test started-at="2025-03-27T11:07:17 IST" name="Default test" finished-at="2025-03-27T11:07:22 IST" duration-ms="4613">
      <class name="sdetTestacse.sslcertificate">
        <test-method signature="sslcertificatetest()[pri:0, instance:sdetTestacse.sslcertificate@5876a9af]" started-at="2025-03-27T11:07:17 IST" name="sslcertificatetest" finished-at="2025-03-27T11:07:22 IST" duration-ms="4518" status="PASS">
          <reporter-output>
          </reporter-output>
        </test-method> <!-- sslcertificatetest -->
      </class> <!-- sdetTestacse.sslcertificate -->
    </test> <!-- Default test -->
  </suite> <!-- Default suite -->
</testng-results>
